proguard/seeds.txt
com.github.lzyzsd.circleprogress.DonutProgress
com.github.lzyzsd.circleprogress.DonutProgress: DonutProgress(android.content.Context)
com.github.lzyzsd.circleprogress.DonutProgress: DonutProgress(android.content.Context,android.util.AttributeSet)
com.github.lzyzsd.circleprogress.DonutProgress: DonutProgress(android.content.Context,android.util.AttributeSet,int)
com.github.lzyzsd.circleprogress.DonutProgress: float getFinishedStrokeWidth()
com.github.lzyzsd.circleprogress.DonutProgress: void setFinishedStrokeWidth(float)
com.github.lzyzsd.circleprogress.DonutProgress: float getUnfinishedStrokeWidth()
com.github.lzyzsd.circleprogress.DonutProgress: void setUnfinishedStrokeWidth(float)
com.github.lzyzsd.circleprogress.DonutProgress: float getProgressAngle()
com.github.lzyzsd.circleprogress.DonutProgress: int getProgress()
com.github.lzyzsd.circleprogress.DonutProgress: void setProgress(int)
com.github.lzyzsd.circleprogress.DonutProgress: int getMax()
com.github.lzyzsd.circleprogress.DonutProgress: void setMax(int)
com.github.lzyzsd.circleprogress.DonutProgress: float getTextSize()
com.github.lzyzsd.circleprogress.DonutProgress: void setTextSize(float)
com.github.lzyzsd.circleprogress.DonutProgress: int getTextColor()
com.github.lzyzsd.circleprogress.DonutProgress: void setTextColor(int)
com.github.lzyzsd.circleprogress.DonutProgress: int getFinishedStrokeColor()
com.github.lzyzsd.circleprogress.DonutProgress: void setFinishedStrokeColor(int)
com.github.lzyzsd.circleprogress.R$attr
com.github.lzyzsd.circleprogress.R$attr: int donut_circle_starting_degree
com.github.lzyzsd.circleprogress.R$attr: int arc_text_color
com.github.lzyzsd.circleprogress.R$attr: int donut_inner_bottom_text_size
com.github.lzyzsd.circleprogress.R$attr: int donut_suffix_text
com.github.lzyzsd.circleprogress.R$attr: int arc_stroke_width
com.github.lzyzsd.circleprogress.R$attr: int circle_text_size
com.github.lzyzsd.circleprogress.R$attr: int donut_text_size
com.github.lzyzsd.circleprogress.R$attr: int donut_text_color
com.github.lzyzsd.circleprogress.R$attr: int donut_text
com.github.lzyzsd.circleprogress.R$attr: int arc_suffix_text_padding
com.github.lzyzsd.circleprogress.R$attr: int donut_finished_color
com.github.lzyzsd.circleprogress.R$attr: int donut_progress
com.github.lzyzsd.circleprogress.R$attr: int arc_suffix_text_size
com.github.lzyzsd.circleprogress.R$attr: int circle_max
com.github.lzyzsd.circleprogress.R$attr: int donut_unfinished_color
com.github.lzyzsd.circleprogress.R$attr: int arc_angle
com.github.lzyzsd.circleprogress.R$attr: int arc_text_size
com.github.lzyzsd.circleprogress.R$attr: int donut_inner_bottom_text_color
com.github.lzyzsd.circleprogress.R$attr: int arc_progress
com.github.lzyzsd.circleprogress.R$attr: int arc_bottom_text
com.github.lzyzsd.circleprogress.R$attr: int circle_text_color
com.github.lzyzsd.circleprogress.R$attr: int circleProgressStyle