proguard/mapping.txt
cn.sharesdk.onekeyshare.themes.classic.port.FriendListPagePort -> cn.sharesdk.onekeyshare.themes.classic.port.FriendListPagePort:
    float getRatio() -> p
    int getDesignTitleHeight() -> q
cn.sharesdk.onekeyshare.themes.classic.port.PlatformPageAdapterPort -> cn.sharesdk.onekeyshare.themes.classic.port.PlatformPageAdapterPort:
    void calculateSize(android.content.Context,java.util.ArrayList) -> a
    void collectCells(java.util.ArrayList) -> collectCells
cn.sharesdk.onekeyshare.themes.classic.port.PlatformPagePort -> cn.sharesdk.onekeyshare.themes.classic.port.PlatformPagePort:
    void onCreate() -> a
    cn.sharesdk.onekeyshare.themes.classic.PlatformPageAdapter newAdapter(java.util.ArrayList) -> newAdapter
cn.sharesdk.sina.weibo.SinaWeibo -> cn.sharesdk.sina.weibo.SinaWeibo:
    java.lang.String NAME -> d
    java.lang.String a -> e
    java.lang.String b -> f
    java.lang.String c -> g
    boolean d -> h
    void initDevInfo(java.lang.String) -> initDevInfo
    java.lang.String getName() -> a
    int getVersion() -> b
    int getPlatformId() -> c
    void setNetworkDevinfo() -> d
    boolean isClientValid() -> e
    boolean checkAuthorize(int,java.lang.Object) -> a
    void doAuthorize(java.lang.String[]) -> doAuthorize
    void follow(java.lang.String) -> follow
    void timeline(int,int,java.lang.String) -> a
    void userInfor(java.lang.String) -> userInfor
    void getFriendList(int,int,java.lang.String) -> b
    void doCustomerProtocol(java.lang.String,java.lang.String,int,java.util.HashMap,java.util.HashMap) -> a
    void doShare(cn.sharesdk.framework.Platform$ShareParams) -> doShare
    cn.sharesdk.framework.b.b.f$a filterShareContent(cn.sharesdk.framework.Platform$ShareParams,java.util.HashMap) -> a
    cn.sharesdk.framework.PlatformDb a(cn.sharesdk.sina.weibo.SinaWeibo) -> a
    cn.sharesdk.framework.PlatformDb b(cn.sharesdk.sina.weibo.SinaWeibo) -> b
    cn.sharesdk.framework.PlatformDb c(cn.sharesdk.sina.weibo.SinaWeibo) -> c
    cn.sharesdk.framework.PlatformDb d(cn.sharesdk.sina.weibo.SinaWeibo) -> d
    cn.sharesdk.framework.PlatformDb e(cn.sharesdk.sina.weibo.SinaWeibo) -> e
    void a(cn.sharesdk.sina.weibo.SinaWeibo,int,java.lang.Object) -> a
cn.sharesdk.sina.weibo.SinaWeibo$ShareParams -> cn.sharesdk.sina.weibo.SinaWeibo$ShareParams:
cn.sharesdk.sina.weibo.a -> cn.sharesdk.sina.weibo.a:
    long a -> a
    boolean b -> b
    java.lang.String c -> c
    cn.sharesdk.framework.Platform$ShareParams d -> d
    cn.sharesdk.framework.authorize.AuthorizeListener e -> e
    void onCreate() -> a
    void a(java.lang.String) -> a
    void a(cn.sharesdk.framework.Platform$ShareParams) -> a
    void a(cn.sharesdk.framework.authorize.AuthorizeListener) -> a
    void onActivityResult(int,int,android.content.Intent) -> a
    void onNewIntent(android.content.Intent) -> onNewIntent
    boolean handleMessage(android.os.Message) -> handleMessage
    boolean a(android.app.Activity,java.lang.String,java.lang.String,android.os.Bundle) -> a
    java.lang.String a(android.content.Context,java.lang.String) -> a
    com.sina.weibo.sdk.api.ImageObject e() -> i
    byte[] a$4ade9203(android.graphics.Bitmap,android.graphics.Bitmap$CompressFormat) -> a
    void a(cn.sharesdk.sina.weibo.a) -> a
cn.sharesdk.sina.weibo.b -> cn.sharesdk.sina.weibo.b:
    cn.sharesdk.sina.weibo.a a -> a
    boolean handleMessage(android.os.Message) -> handleMessage
cn.sharesdk.sina.weibo.c -> cn.sharesdk.sina.weibo.c:
    cn.sharesdk.sina.weibo.g a -> a
    cn.sharesdk.sina.weibo.SinaWeibo b -> b
    void onComplete(android.os.Bundle) -> onComplete
    void onError(java.lang.Throwable) -> onError
    void onCancel() -> a