proguard/usage.txt
com.google.gson.GsonBuilder
com.google.gson.JsonArray:
    61:62:public void addAll(com.google.gson.JsonArray)
    70:70:public int size()
    92:92:public com.google.gson.JsonElement get(int)
    154:157:public java.math.BigDecimal getAsBigDecimal()
    171:174:public java.math.BigInteger getAsBigInteger()
    187:190:public float getAsFloat()
    227:230:public byte getAsByte()
    235:238:public char getAsCharacter()
    251:254:public short getAsShort()
com.google.gson.JsonDeserializationContext:
    public abstract java.lang.Object deserialize(com.google.gson.JsonElement,java.lang.reflect.Type)
com.google.gson.JsonDeserializer
com.google.gson.JsonElement:
    130:133:public com.google.gson.JsonNull getAsJsonNull()
    211:211:public float getAsFloat()
    251:251:public byte getAsByte()
    265:265:public char getAsCharacter()
    279:279:public java.math.BigDecimal getAsBigDecimal()
    293:293:public java.math.BigInteger getAsBigInteger()
    306:306:public short getAsShort()
com.google.gson.JsonIOException:
    33:34:public JsonIOException(java.lang.String,java.lang.Throwable)
com.google.gson.JsonObject:
    68:68:public com.google.gson.JsonElement remove(java.lang.String)
    79:80:public void addProperty(java.lang.String,java.lang.String)
    90:91:public void addProperty(java.lang.String,java.lang.Number)
    101:102:public void addProperty(java.lang.String,java.lang.Boolean)
    112:113:public void addProperty(java.lang.String,java.lang.Character)
    122:122:private com.google.gson.JsonElement createJsonElement(java.lang.Object)
    142:142:public boolean has(java.lang.String)
    152:156:public com.google.gson.JsonElement get(java.lang.String)
    166:166:public com.google.gson.JsonPrimitive getAsJsonPrimitive(java.lang.String)
    176:176:public com.google.gson.JsonArray getAsJsonArray(java.lang.String)
    186:186:public com.google.gson.JsonObject getAsJsonObject(java.lang.String)
com.google.gson.JsonParser
com.google.gson.JsonPrimitive:
    74:76:public JsonPrimitive(java.lang.Character)
    84:86:JsonPrimitive(java.lang.Object)
    199:199:public java.math.BigDecimal getAsBigDecimal()
    210:210:public java.math.BigInteger getAsBigInteger()
    222:222:public float getAsFloat()
    244:244:public short getAsShort()
    260:260:public byte getAsByte()
    265:265:public char getAsCharacter()
com.google.gson.JsonSerializationContext:
    public abstract com.google.gson.JsonElement serialize(java.lang.Object)
    public abstract com.google.gson.JsonElement serialize(java.lang.Object,java.lang.reflect.Type)
com.google.gson.JsonSerializer
com.google.gson.JsonStreamParser
com.google.gson.LongSerializationPolicy:
    public abstract com.google.gson.JsonElement serialize(java.lang.Long)
com.google.gson.LongSerializationPolicy$1:
    36:36:public com.google.gson.JsonElement serialize(java.lang.Long)
com.google.gson.LongSerializationPolicy$2:
    47:47:public com.google.gson.JsonElement serialize(java.lang.Long)
com.google.gson.TreeTypeAdapter
com.google.gson.TreeTypeAdapter$1
com.google.gson.TreeTypeAdapter$SingleTypeFactory
com.google.gson.TypeAdapter:
    141:143:public final void toJson(java.io.Writer,java.lang.Object)
    186:186:public final com.google.gson.TypeAdapter nullSafe()
    215:217:public final java.lang.String toJson(java.lang.Object)
    255:256:public final java.lang.Object fromJson(java.io.Reader)
    269:269:public final java.lang.Object fromJson(java.lang.String)
    280:283:public final java.lang.Object fromJsonTree(com.google.gson.JsonElement)
com.google.gson.TypeAdapter$1
com.google.gson.internal.$Gson$Preconditions:
    32:32:public $Gson$Preconditions()
com.google.gson.internal.$Gson$Types:
    45:45:private $Gson$Types()